c:\datos\uws\teaching\agp\adv games prog pablo\labs1516\agp2015 lab 4 basecode vs2015\agp2015 basecode vs2015\debug\vc140.pdb
c:\datos\uws\teaching\agp\adv games prog pablo\labs1516\agp2015 lab 4 basecode vs2015\agp2015 basecode vs2015\debug\vc140.idb
c:\datos\uws\teaching\agp\adv games prog pablo\labs1516\agp2015 lab 4 basecode vs2015\agp2015 basecode vs2015\debug\main.obj
c:\datos\uws\teaching\agp\adv games prog pablo\labs1516\agp2015 lab 4 basecode vs2015\agp2015 basecode vs2015\debug\md2model.obj
c:\datos\uws\teaching\agp\adv games prog pablo\labs1516\agp2015 lab 4 basecode vs2015\agp2015 basecode vs2015\debug\rt3d.obj
c:\datos\uws\teaching\agp\adv games prog pablo\labs1516\agp2015 lab 4 basecode vs2015\agp2015 basecode vs2015\debug\rt3dobjloader.obj
c:\datos\uws\teaching\agp\adv games prog pablo\labs1516\agp2015 lab 4 basecode vs2015\debug\agp2015 basecode vs2015.ilk
c:\datos\uws\teaching\agp\adv games prog pablo\labs1516\agp2015 lab 4 basecode vs2015\debug\agp2015 basecode vs2015.exe
c:\datos\uws\teaching\agp\adv games prog pablo\labs1516\agp2015 lab 4 basecode vs2015\debug\agp2015 basecode vs2015.pdb
c:\datos\uws\teaching\agp\adv games prog pablo\labs1516\agp2015 lab test vs 2015\agp2015 basecode vs2015\debug\main.obj
c:\datos\uws\teaching\agp\adv games prog pablo\labs1516\agp2015 lab test vs 2015\agp2015 basecode vs2015\debug\md2model.obj
c:\datos\uws\teaching\agp\adv games prog pablo\labs1516\agp2015 lab test vs 2015\agp2015 basecode vs2015\debug\rt3d.obj
c:\datos\uws\teaching\agp\adv games prog pablo\labs1516\agp2015 lab test vs 2015\agp2015 basecode vs2015\debug\rt3dobjloader.obj
c:\datos\uws\teaching\agp\adv games prog pablo\labs1516\agp2015 lab test vs 2015\agp2015 basecode vs2015\debug\vc140.idb
c:\datos\uws\teaching\agp\adv games prog pablo\labs1516\agp2015 lab test vs 2015\agp2015 basecode vs2015\debug\vc140.pdb
c:\datos\uws\teaching\agp\adv games prog pablo\labs1516\agp2015 lab test vs 2015\debug\agp2015 basecode vs2015.pdb
c:\datos\uws\teaching\agp\adv games prog pablo\labs1516\agp2015 lab test vs 2015\debug\agp2015 basecode vs2015.exe
c:\datos\uws\teaching\agp\adv games prog pablo\labs1516\agp2015 lab test vs 2015\debug\agp2015 basecode vs2015.ilk
c:\datos\uws\teaching\agp\adv games prog pablo\labs1516\agp2015 lab test vs 2015\agp2015 basecode vs2015\debug\agp2015 .098b35d6.tlog\cl.command.1.tlog
c:\datos\uws\teaching\agp\adv games prog pablo\labs1516\agp2015 lab test vs 2015\agp2015 basecode vs2015\debug\agp2015 .098b35d6.tlog\cl.read.1.tlog
c:\datos\uws\teaching\agp\adv games prog pablo\labs1516\agp2015 lab test vs 2015\agp2015 basecode vs2015\debug\agp2015 .098b35d6.tlog\cl.write.1.tlog
c:\datos\uws\teaching\agp\adv games prog pablo\labs1516\agp2015 lab test vs 2015\agp2015 basecode vs2015\debug\agp2015 .098b35d6.tlog\link.command.1.tlog
c:\datos\uws\teaching\agp\adv games prog pablo\labs1516\agp2015 lab test vs 2015\agp2015 basecode vs2015\debug\agp2015 .098b35d6.tlog\link.read.1.tlog
c:\datos\uws\teaching\agp\adv games prog pablo\labs1516\agp2015 lab test vs 2015\agp2015 basecode vs2015\debug\agp2015 .098b35d6.tlog\link.write.1.tlog
